0 info it worked if it ends with ok
1 verbose cli [ '/home/oleg/.nvm/versions/node/v7.2.1/bin/node',
1 verbose cli   '/home/oleg/.nvm/versions/node/v7.2.1/bin/npm',
1 verbose cli   'version',
1 verbose cli   'patch' ]
2 info using npm@3.10.10
3 info using node@v7.2.1
4 info git [ 'status', '--porcelain' ]
5 verbose stack Error: Git working directory not clean.
5 verbose stack M client.js
5 verbose stack M test/speed/live-mutex.js
5 verbose stack M test/speed/lockfile.js
5 verbose stack     at /home/oleg/.nvm/versions/node/v7.2.1/lib/node_modules/npm/lib/version.js:247:19
5 verbose stack     at /home/oleg/.nvm/versions/node/v7.2.1/lib/node_modules/npm/lib/utils/no-progress-while-running.js:21:8
5 verbose stack     at ChildProcess.exithandler (child_process.js:202:7)
5 verbose stack     at emitTwo (events.js:106:13)
5 verbose stack     at ChildProcess.emit (events.js:191:7)
5 verbose stack     at maybeClose (internal/child_process.js:885:16)
5 verbose stack     at Socket.<anonymous> (internal/child_process.js:334:11)
5 verbose stack     at emitOne (events.js:96:13)
5 verbose stack     at Socket.emit (events.js:188:7)
5 verbose stack     at Pipe._handle.close [as _onclose] (net.js:501:12)
6 verbose cwd /home/oleg/WebstormProjects/oresoftware/live-mutex
7 error Linux 4.4.0-57-generic
8 error argv "/home/oleg/.nvm/versions/node/v7.2.1/bin/node" "/home/oleg/.nvm/versions/node/v7.2.1/bin/npm" "version" "patch"
9 error node v7.2.1
10 error npm  v3.10.10
11 error Git working directory not clean.
11 error M client.js
11 error M test/speed/live-mutex.js
11 error M test/speed/lockfile.js
12 error If you need help, you may report this error at:
12 error     <https://github.com/npm/npm/issues>
13 verbose exit [ 1, true ]
