

### Suman runner start ###

Beginning of run at 1482966363081 = [Wed Dec 28 2016 15:06:03 GMT-0800 (PST)]
Command issued from the following directory "/home/oleg/WebstormProjects/oresoftware/live-mutex"
Command = ["/home/oleg/.nvm/versions/node/v7.2.1/bin/node","/home/oleg/WebstormProjects/oresoftware/live-mutex/node_modules/suman/cli.js"]


[four.test.js]  => Suman usage warning: no suman.once.pre.js file found. 

[two.test.js]  => Suman usage warning: no suman.once.pre.js file found. 

[three.test.js]  => Suman usage warning: no suman.once.pre.js file found. 

[one.test.js]  => Suman usage warning: no suman.once.pre.js file found. 

[three.test.js]     ⚑  => Suman fatal error  => making a graceful exit => 

[three.test.js]    Error: Cannot find module './fixtures/corruptible.txt'

[three.test.js]        at Function.Module._resolveFilename (module.js:470:15)

[three.test.js]        at Function.resolve (internal/module.js:27:19)

[three.test.js]        at TestSuite.<anonymous> (/home/oleg/WebstormProjects/oresoftware/live-mutex/test/test-src/three.test.js:17:23)

[three.test.js]        at /home/oleg/WebstormProjects/oresoftware/sumanjs/suman/lib/exec-suite.js:290:20

[three.test.js]        at _combinedTickCallback (internal/process/next_tick.js:67:7)

[three.test.js]        at process._tickDomainCallback (internal/process/next_tick.js:122:9)

[three.test.js]    

[three.test.js]    

[three.test.js]    

[three.test.js] Error: Cannot find module './fixtures/corruptible.txt'

[three.test.js]     at Function.Module._resolveFilename (module.js:470:15)

[three.test.js]     at Function.resolve (internal/module.js:27:19)

[three.test.js]     at TestSuite.<anonymous> (/home/oleg/WebstormProjects/oresoftware/live-mutex/test/test-src/three.test.js:17:23)

[three.test.js]     at /home/oleg/WebstormProjects/oresoftware/sumanjs/suman/lib/exec-suite.js:290:20

[three.test.js]     at _combinedTickCallback (internal/process/next_tick.js:67:7)

[three.test.js]     at process._tickDomainCallback (internal/process/next_tick.js:122:9)

[three.test.js] Error: Cannot find module './fixtures/corruptible.txt'

[three.test.js]     at Function.Module._resolveFilename (module.js:470:15)

[three.test.js]     at Function.resolve (internal/module.js:27:19)

[three.test.js]     at TestSuite.<anonymous> (/home/oleg/WebstormProjects/oresoftware/live-mutex/test/test-src/three.test.js:17:23)

[three.test.js]     at /home/oleg/WebstormProjects/oresoftware/sumanjs/suman/lib/exec-suite.js:290:20

[three.test.js]     at _combinedTickCallback (internal/process/next_tick.js:67:7)

[three.test.js]     at process._tickDomainCallback (internal/process/next_tick.js:122:9)

[three.test.js]  ### Suman end run ### 

[three.test.js] true

[one.test.js]  ### Suman end run ### 

[one.test.js] true

[two.test.js]  ### Suman end run ### 

[two.test.js] true

[four.test.js]  => Warning, lock timed out for key =>  "z"

[four.test.js]  ### Suman end run ### 

[four.test.js] true


### Suman runner end ###






